<?xml version="1.0" encoding="UTF-8"?>
<!-- Generated by org.testng.reporters.JUnitReportReporter -->
<testsuite hostname="DESKTOP-ODCJALQ" failures="0" tests="2" name="execution.AddtocartRunner" time="105.334" errors="0" timestamp="2024-10-22T19:51:29 IST" skipped="0">
  <testcase classname="execution.AddtocartRunner" name="runScenario" time="24.575"/>
  <system-out/>
  <testcase classname="execution.AddtocartRunner" name="runScenario" time="80.759"/>
  <system-out/>
</testsuite> <!-- execution.AddtocartRunner -->
